<?xml version="1.0" encoding="UTF-8"?>
<!-- Generated by org.testng.reporters.JUnitReportReporter -->
<testsuite failures="0" tests="1" name="com.qa.hs.tests.LoginTest" time="31.455" errors="0" timestamp="16 Sep 2021 10:19:51 GMT" skipped="0">
  <testcase classname="com.qa.hs.tests.LoginTest" name="loginTest" time="31.455"/>
</testsuite> <!-- com.qa.hs.tests.LoginTest -->
