<?xml version="1.0" encoding="UTF-8"?>
<!-- Generated by org.testng.reporters.JUnitReportReporter -->
<testsuite failures="0" tests="4" name="com.qa.hs.tests.LoginTest" time="307.050" errors="0" timestamp="01 Sep 2021 12:42:52 GMT" skipped="0">
  <testcase classname="com.qa.hs.tests.LoginTest" name="loginTest" time="64.669"/>
  <testcase classname="com.qa.hs.tests.LoginTest" name="loginTest" time="86.239"/>
  <testcase classname="com.qa.hs.tests.LoginTest" name="loginTest" time="73.317"/>
  <testcase classname="com.qa.hs.tests.LoginTest" name="loginTest" time="82.825"/>
</testsuite> <!-- com.qa.hs.tests.LoginTest -->
