<?xml version="1.0" encoding="UTF-8"?>
<!-- Generated by org.testng.reporters.JUnitReportReporter -->
<testsuite hostname="LAPTOP-KPJMC264" failures="0" tests="2" name="com.qa.hs.tests.LeadsModuleTest" time="98.919" errors="0" timestamp="25 Aug 2021 07:45:36 GMT" skipped="0">
  <testcase classname="com.qa.hs.tests.LeadsModuleTest" name="loginTest" time="20.176"/>
  <testcase classname="com.qa.hs.tests.LeadsModuleTest" name="leadsTest" time="78.743"/>
</testsuite> <!-- com.qa.hs.tests.LeadsModuleTest -->
