<?xml version="1.0" encoding="UTF-8"?>
<!-- Generated by org.testng.reporters.JUnitReportReporter -->
<testsuite hostname="LAPTOP-KPJMC264" failures="0" tests="1" name="com.qa.hs.tests.LeadsModuleEditFormTest" time="124.083" errors="0" timestamp="05 Sep 2021 16:09:49 GMT" skipped="0">
  <testcase classname="com.qa.hs.tests.LeadsModuleEditFormTest" name="leadsTest" time="124.083"/>
</testsuite> <!-- com.qa.hs.tests.LeadsModuleEditFormTest -->
