<?xml version="1.0" encoding="UTF-8"?>
<!-- Generated by org.testng.reporters.JUnitReportReporter -->
<testsuite failures="0" tests="1" name="com.qa.hs.tests.LoginTest" time="15.910" errors="0" timestamp="23 Sep 2021 07:42:43 GMT" skipped="0">
  <testcase classname="com.qa.hs.tests.LoginTest" name="loginTest" time="15.910"/>
</testsuite> <!-- com.qa.hs.tests.LoginTest -->
