<?xml version="1.0" encoding="UTF-8"?>
<!-- Generated by org.testng.reporters.JUnitReportReporter -->
<testsuite failures="0" tests="1" name="com.qa.hs.tests.LeadsModuleCreateContactTest" time="37.471" errors="0" timestamp="01 Sep 2021 06:48:20 GMT" skipped="0">
  <testcase classname="com.qa.hs.tests.LeadsModuleCreateContactTest" name="leadsTest" time="37.471"/>
</testsuite> <!-- com.qa.hs.tests.LeadsModuleCreateContactTest -->
