<?xml version="1.0" encoding="UTF-8"?>
<!-- Generated by org.testng.reporters.JUnitReportReporter -->
<testsuite failures="0" tests="1" name="com.qa.hs.tests.LoginTest" time="54.323" errors="0" timestamp="28 Aug 2021 08:42:56 GMT" skipped="0">
  <testcase classname="com.qa.hs.tests.LoginTest" name="loginTest" time="54.323"/>
</testsuite> <!-- com.qa.hs.tests.LoginTest -->
