<?xml version="1.0" encoding="UTF-8"?>
<!-- Generated by org.testng.reporters.JUnitReportReporter -->
<testsuite failures="0" tests="1" name="com.qa.hs.tests.ContractsNotSignedTest" time="45.392" errors="0" timestamp="26 Sep 2021 13:20:58 GMT" skipped="0">
  <testcase classname="com.qa.hs.tests.ContractsNotSignedTest" name="contractsNotSignedTest" time="45.392"/>
</testsuite> <!-- com.qa.hs.tests.ContractsNotSignedTest -->
