<?xml version="1.0" encoding="UTF-8"?>
<!-- Generated by org.testng.reporters.JUnitReportReporter -->
<testsuite failures="0" tests="2" name="com.qa.hs.tests.LeadsModuleEditFormTest" time="116.739" errors="0" timestamp="27 Aug 2021 06:24:32 GMT" skipped="0">
  <testcase classname="com.qa.hs.tests.LeadsModuleEditFormTest" name="loginTest" time="34.263"/>
  <testcase classname="com.qa.hs.tests.LeadsModuleEditFormTest" name="leadsTest" time="82.476"/>
</testsuite> <!-- com.qa.hs.tests.LeadsModuleEditFormTest -->
