<?xml version="1.0" encoding="UTF-8"?>
<!-- Generated by org.testng.reporters.JUnitReportReporter -->
<<<<<<< HEAD
<testsuite failures="0" tests="1" name="com.qa.hs.tests.SalesModuleAllocatUnitGroupRealtorsTest" time="55.484" errors="0" timestamp="16 Sep 2021 07:30:32 GMT" skipped="0">
  <testcase classname="com.qa.hs.tests.SalesModuleAllocatUnitGroupRealtorsTest" name="salesModuleAllocatUnitTest" time="55.484"/>
=======
<testsuite hostname="LAPTOP-KPJMC264" failures="0" tests="1" name="com.qa.hs.tests.SalesModuleAllocatUnitGroupRealtorsTest" time="107.498" errors="0" timestamp="14 Sep 2021 16:54:12 GMT" skipped="0">
  <testcase classname="com.qa.hs.tests.SalesModuleAllocatUnitGroupRealtorsTest" name="salesModuleAllocatUnitTest" time="107.498"/>
>>>>>>> b2648c77461c3ab7a3e1f5ba1ebf598d254a3242
</testsuite> <!-- com.qa.hs.tests.SalesModuleAllocatUnitGroupRealtorsTest -->
