<?xml version="1.0" encoding="UTF-8"?>
<!-- Generated by org.testng.reporters.JUnitReportReporter -->
<testsuite failures="0" tests="2" name="com.qa.hs.tests.LeadsModuleCreateContactTest" time="60.353" errors="0" timestamp="30 Aug 2021 07:57:13 GMT" skipped="0">
  <testcase classname="com.qa.hs.tests.LeadsModuleCreateContactTest" name="loginTest" time="13.974"/>
  <testcase classname="com.qa.hs.tests.LeadsModuleCreateContactTest" name="leadsTest" time="46.379"/>
</testsuite> <!-- com.qa.hs.tests.LeadsModuleCreateContactTest -->
