<?xml version="1.0" encoding="UTF-8"?>
<!-- Generated by org.testng.reporters.JUnitReportReporter -->
<testsuite failures="0" tests="1" name="com.qa.hs.tests.LoginTest" time="52.118" errors="0" timestamp="29 Aug 2021 08:57:49 GMT" skipped="0">
  <testcase classname="com.qa.hs.tests.LoginTest" name="loginTest" time="52.118"/>
</testsuite> <!-- com.qa.hs.tests.LoginTest -->
