<?xml version="1.0" encoding="UTF-8"?>
<!-- Generated by org.testng.reporters.JUnitReportReporter -->
<testsuite failures="0" tests="1" name="com.qa.hs.tests.LoginTest" time="21.699" errors="0" timestamp="29 Aug 2021 06:08:33 GMT" skipped="0">
  <testcase classname="com.qa.hs.tests.LoginTest" name="loginTest" time="21.699"/>
</testsuite> <!-- com.qa.hs.tests.LoginTest -->
