<?xml version="1.0" encoding="UTF-8"?>
<!-- Generated by org.testng.reporters.JUnitReportReporter -->
<testsuite failures="0" tests="1" name="com.qa.hs.tests.LoginTest" time="21.836" errors="0" timestamp="27 Aug 2021 05:08:05 GMT" skipped="0">
  <testcase classname="com.qa.hs.tests.LoginTest" name="loginTest" time="21.836"/>
</testsuite> <!-- com.qa.hs.tests.LoginTest -->
