<?xml version="1.0" encoding="UTF-8"?>
<!-- Generated by org.testng.reporters.JUnitReportReporter -->
<<<<<<< HEAD
<testsuite failures="0" tests="1" name="com.qa.hs.tests.LoginTest" time="16.448" errors="0" timestamp="21 Sep 2021 05:52:14 GMT" skipped="0">
  <testcase classname="com.qa.hs.tests.LoginTest" name="loginTest" time="16.448"/>
=======
<testsuite hostname="LAPTOP-KPJMC264" failures="0" tests="1" name="com.qa.hs.tests.LoginTest" time="11.307" errors="0" timestamp="14 Sep 2021 16:57:44 GMT" skipped="0">
  <testcase classname="com.qa.hs.tests.LoginTest" name="loginTest" time="11.307"/>
>>>>>>> b2648c77461c3ab7a3e1f5ba1ebf598d254a3242
</testsuite> <!-- com.qa.hs.tests.LoginTest -->
