<?xml version="1.0" encoding="UTF-8"?>
<!-- Generated by org.testng.reporters.JUnitReportReporter -->
<testsuite failures="0" tests="2" name="com.qa.hs.tests.LeadsModuleTest" time="104.839" errors="0" timestamp="25 Aug 2021 13:53:30 GMT" skipped="0">
  <testcase classname="com.qa.hs.tests.LeadsModuleTest" name="loginTest" time="23.382"/>
  <testcase classname="com.qa.hs.tests.LeadsModuleTest" name="leadsTest" time="81.457"/>
</testsuite> <!-- com.qa.hs.tests.LeadsModuleTest -->
