<?xml version="1.0" encoding="UTF-8"?>
<!-- Generated by org.testng.reporters.JUnitReportReporter -->
<testsuite failures="0" tests="1" name="com.qa.hs.tests.LoginTest" time="30.433" errors="0" timestamp="21 Sep 2021 05:41:29 GMT" skipped="0">
  <testcase classname="com.qa.hs.tests.LoginTest" name="loginTest" time="30.433"/>
</testsuite> <!-- com.qa.hs.tests.LoginTest -->
