<?xml version="1.0" encoding="UTF-8"?>
<!-- Generated by org.testng.reporters.JUnitReportReporter -->
<testsuite hostname="LAPTOP-KPJMC264" failures="0" tests="1" name="com.qa.hs.tests.LoginTest" time="40.824" errors="0" timestamp="05 Sep 2021 16:29:06 GMT" skipped="0">
  <testcase classname="com.qa.hs.tests.LoginTest" name="loginTest" time="40.824"/>
</testsuite> <!-- com.qa.hs.tests.LoginTest -->
