<?xml version="1.0" encoding="UTF-8"?>
<!-- Generated by org.testng.reporters.JUnitReportReporter -->
<testsuite failures="0" tests="2" name="com.qa.hs.tests.LeadsModuleCreateContactTest" time="51.384" errors="0" timestamp="30 Aug 2021 10:50:25 GMT" skipped="0">
  <testcase classname="com.qa.hs.tests.LeadsModuleCreateContactTest" name="loginTest" time="17.936"/>
  <testcase classname="com.qa.hs.tests.LeadsModuleCreateContactTest" name="leadsTest" time="33.448"/>
</testsuite> <!-- com.qa.hs.tests.LeadsModuleCreateContactTest -->
