<?xml version="1.0" encoding="UTF-8"?>
<!-- Generated by org.testng.reporters.JUnitReportReporter -->
<testsuite hostname="LAPTOP-KPJMC264" failures="0" tests="1" name="com.qa.hs.tests.LoginTest" time="10.785" errors="0" timestamp="10 Sep 2021 17:07:25 GMT" skipped="0">
  <testcase classname="com.qa.hs.tests.LoginTest" name="loginTest" time="10.785"/>
</testsuite> <!-- com.qa.hs.tests.LoginTest -->
