<?xml version="1.0" encoding="UTF-8"?>
<!-- Generated by org.testng.reporters.JUnitReportReporter -->
<testsuite failures="0" tests="4" name="com.qa.hs.tests.LoginTest" time="68.420" errors="0" timestamp="01 Sep 2021 10:25:56 GMT" skipped="0">
  <testcase classname="com.qa.hs.tests.LoginTest" name="loginTest" time="14.687"/>
  <testcase classname="com.qa.hs.tests.LoginTest" name="loginTest" time="18.403"/>
  <testcase classname="com.qa.hs.tests.LoginTest" name="loginTest" time="15.019"/>
  <testcase classname="com.qa.hs.tests.LoginTest" name="loginTest" time="20.311"/>
</testsuite> <!-- com.qa.hs.tests.LoginTest -->
