<?xml version="1.0" encoding="UTF-8"?>
<!-- Generated by org.testng.reporters.JUnitReportReporter -->
<<<<<<< HEAD
<testsuite failures="0" tests="1" name="com.qa.hs.tests.LeadsModuleCreateContactTest" time="48.612" errors="0" timestamp="20 Sep 2021 08:14:02 GMT" skipped="0">
  <testcase classname="com.qa.hs.tests.LeadsModuleCreateContactTest" name="leadsTest" time="48.612"/>
=======
<testsuite hostname="LAPTOP-KPJMC264" failures="0" tests="1" name="com.qa.hs.tests.LeadsModuleCreateContactTest" time="27.772" errors="0" timestamp="14 Sep 2021 16:54:12 GMT" skipped="0">
  <testcase classname="com.qa.hs.tests.LeadsModuleCreateContactTest" name="leadsTest" time="27.772"/>
>>>>>>> b2648c77461c3ab7a3e1f5ba1ebf598d254a3242
</testsuite> <!-- com.qa.hs.tests.LeadsModuleCreateContactTest -->
