<?xml version="1.0" encoding="UTF-8"?>
<!-- Generated by org.testng.reporters.JUnitReportReporter -->
<testsuite failures="0" tests="1" name="com.qa.hs.tests.LeadsModuleCreateContactTest" time="38.175" errors="0" timestamp="01 Sep 2021 10:25:56 GMT" skipped="0">
  <testcase classname="com.qa.hs.tests.LeadsModuleCreateContactTest" name="leadsTest" time="38.175"/>
</testsuite> <!-- com.qa.hs.tests.LeadsModuleCreateContactTest -->
