<?xml version="1.0" encoding="UTF-8"?>
<!-- Generated by org.testng.reporters.JUnitReportReporter -->
<testsuite failures="0" tests="1" name="com.qa.hs.tests.LoginTest" time="23.543" errors="0" timestamp="28 Aug 2021 08:14:34 GMT" skipped="0">
  <testcase classname="com.qa.hs.tests.LoginTest" name="loginTest" time="23.543"/>
</testsuite> <!-- com.qa.hs.tests.LoginTest -->
