<?xml version="1.0" encoding="UTF-8"?>
<!-- Generated by org.testng.reporters.JUnitReportReporter -->
<testsuite failures="0" tests="1" name="com.qa.hs.tests.LoginTest" time="55.780" errors="0" timestamp="10 Sep 2021 16:07:09 GMT" skipped="0">
  <testcase classname="com.qa.hs.tests.LoginTest" name="loginTest" time="55.780"/>
</testsuite> <!-- com.qa.hs.tests.LoginTest -->
