<?xml version="1.0" encoding="UTF-8"?>
<!-- Generated by org.testng.reporters.JUnitReportReporter -->
<testsuite failures="0" tests="1" name="com.qa.hs.tests.LeadsModuleCreateContactTest" time="48.612" errors="0" timestamp="20 Sep 2021 08:14:02 GMT" skipped="0">
  <testcase classname="com.qa.hs.tests.LeadsModuleCreateContactTest" name="leadsTest" time="48.612"/>
</testsuite> <!-- com.qa.hs.tests.LeadsModuleCreateContactTest -->
