<?xml version="1.0" encoding="UTF-8"?>
<!-- Generated by org.testng.reporters.JUnitReportReporter -->
<testsuite failures="0" tests="1" name="com.qa.hs.tests.LoginTest" time="35.614" errors="0" timestamp="14 Sep 2021 15:55:09 GMT" skipped="0">
  <testcase classname="com.qa.hs.tests.LoginTest" name="loginTest" time="35.614"/>
</testsuite> <!-- com.qa.hs.tests.LoginTest -->
