<?xml version="1.0" encoding="UTF-8"?>
<!-- Generated by org.testng.reporters.JUnitReportReporter -->
<testsuite failures="0" tests="2" name="com.qa.hs.tests.LeadsModuleCreateContactTest" time="100.795" errors="0" timestamp="30 Aug 2021 17:22:02 GMT" skipped="0">
  <testcase classname="com.qa.hs.tests.LeadsModuleCreateContactTest" name="loginTest" time="31.921"/>
  <testcase classname="com.qa.hs.tests.LeadsModuleCreateContactTest" name="leadsTest" time="68.874"/>
</testsuite> <!-- com.qa.hs.tests.LeadsModuleCreateContactTest -->
