<?xml version="1.0" encoding="UTF-8"?>
<!-- Generated by org.testng.reporters.JUnitReportReporter -->
<testsuite failures="0" tests="1" name="com.qa.hs.tests.LoginTest" time="16.448" errors="0" timestamp="21 Sep 2021 05:52:14 GMT" skipped="0">
  <testcase classname="com.qa.hs.tests.LoginTest" name="loginTest" time="16.448"/>
</testsuite> <!-- com.qa.hs.tests.LoginTest -->
