<?xml version="1.0" encoding="UTF-8"?>
<!-- Generated by org.testng.reporters.JUnitReportReporter -->
<testsuite hostname="LAPTOP-KPJMC264" failures="0" tests="1" name="com.qa.hs.tests.LeadsModuleEditFormTest" time="65.112" errors="0" timestamp="14 Sep 2021 16:57:44 GMT" skipped="0">
  <testcase classname="com.qa.hs.tests.LeadsModuleEditFormTest" name="leadsTest" time="65.112"/>
</testsuite> <!-- com.qa.hs.tests.LeadsModuleEditFormTest -->
