<?xml version="1.0" encoding="UTF-8"?>
<!-- Generated by org.testng.reporters.JUnitReportReporter -->
<testsuite failures="0" tests="1" name="com.qa.hs.tests.SalesModuleAllocatUnitGroupRealtorsTest" time="55.484" errors="0" timestamp="16 Sep 2021 07:30:32 GMT" skipped="0">
  <testcase classname="com.qa.hs.tests.SalesModuleAllocatUnitGroupRealtorsTest" name="salesModuleAllocatUnitTest" time="55.484"/>
</testsuite> <!-- com.qa.hs.tests.SalesModuleAllocatUnitGroupRealtorsTest -->
