<?xml version="1.0" encoding="UTF-8"?>
<!-- Generated by org.testng.reporters.JUnitReportReporter -->
<testsuite failures="0" tests="1" name="com.qa.hs.tests.LoginTest" time="18.580" errors="0" timestamp="30 Aug 2021 17:18:54 GMT" skipped="0">
  <testcase classname="com.qa.hs.tests.LoginTest" name="loginTest" time="18.580"/>
</testsuite> <!-- com.qa.hs.tests.LoginTest -->
