<?xml version="1.0" encoding="UTF-8"?>
<!-- Generated by org.testng.reporters.JUnitReportReporter -->
<testsuite failures="0" tests="2" name="com.qa.hs.tests.LeadsModuleTest" time="120.801" errors="0" timestamp="25 Aug 2021 07:20:44 GMT" skipped="0">
  <testcase classname="com.qa.hs.tests.LeadsModuleTest" name="loginTest" time="23.813"/>
  <testcase classname="com.qa.hs.tests.LeadsModuleTest" name="leadsTest" time="96.988"/>
</testsuite> <!-- com.qa.hs.tests.LeadsModuleTest -->
