<?xml version="1.0" encoding="UTF-8"?>
<!-- Generated by org.testng.reporters.JUnitReportReporter -->
<testsuite failures="0" tests="2" name="com.qa.hs.tests.LeadsTest" time="128.795" errors="0" timestamp="25 Aug 2021 07:11:34 GMT" skipped="0">
  <testcase classname="com.qa.hs.tests.LeadsTest" name="loginTest" time="23.380"/>
  <testcase classname="com.qa.hs.tests.LeadsTest" name="leadsTest" time="105.415"/>
</testsuite> <!-- com.qa.hs.tests.LeadsTest -->
