<?xml version="1.0" encoding="UTF-8"?>
<!-- Generated by org.testng.reporters.JUnitReportReporter -->
<<<<<<< HEAD
<testsuite hostname="LAPTOP-KPJMC264" failures="0" tests="1" name="com.qa.hs.tests.LoginTest" time="10.586" errors="0" timestamp="13 Sep 2021 15:14:29 GMT" skipped="0">
  <testcase classname="com.qa.hs.tests.LoginTest" name="loginTest" time="10.586"/>
=======
<testsuite failures="0" tests="1" name="com.qa.hs.tests.LoginTest" time="35.614" errors="0" timestamp="14 Sep 2021 15:55:09 GMT" skipped="0">
  <testcase classname="com.qa.hs.tests.LoginTest" name="loginTest" time="35.614"/>
>>>>>>> 570e6cf35829b4e7897ccb03d6184545922fdaa5
</testsuite> <!-- com.qa.hs.tests.LoginTest -->
