<?xml version="1.0" encoding="UTF-8"?>
<!-- Generated by org.testng.reporters.JUnitReportReporter -->
<testsuite failures="0" tests="1" name="com.qa.hs.tests.LoginTest" time="31.459" errors="0" timestamp="25 Aug 2021 07:20:44 GMT" skipped="0">
  <testcase classname="com.qa.hs.tests.LoginTest" name="loginTest" time="31.459"/>
</testsuite> <!-- com.qa.hs.tests.LoginTest -->
