<?xml version="1.0" encoding="UTF-8"?>
<!-- Generated by org.testng.reporters.JUnitReportReporter -->
<testsuite hostname="LAPTOP-KPJMC264" failures="0" tests="1" name="com.qa.hs.tests.SalesModuleAllocatUnitIndividualRealtorTest" time="45.217" errors="0" timestamp="14 Sep 2021 16:54:12 GMT" skipped="0">
  <testcase classname="com.qa.hs.tests.SalesModuleAllocatUnitIndividualRealtorTest" name="salesModuleAllocatUnitTest" time="45.217"/>
</testsuite> <!-- com.qa.hs.tests.SalesModuleAllocatUnitIndividualRealtorTest -->
