<?xml version="1.0" encoding="UTF-8"?>
<!-- Generated by org.testng.reporters.JUnitReportReporter -->
<testsuite hostname="LAPTOP-KPJMC264" failures="0" tests="1" name="com.qa.hs.tests.LoginTest" time="16.033" errors="0" timestamp="02 Sep 2021 12:56:43 GMT" skipped="0">
  <testcase classname="com.qa.hs.tests.LoginTest" name="loginTest" time="16.033"/>
</testsuite> <!-- com.qa.hs.tests.LoginTest -->
