<?xml version="1.0" encoding="UTF-8"?>
<!-- Generated by org.testng.reporters.JUnitReportReporter -->
<testsuite failures="0" tests="2" name="com.qa.hs.tests.LeadsModuleCreateContactTest" time="77.792" errors="0" timestamp="30 Aug 2021 07:36:32 GMT" skipped="0">
  <testcase classname="com.qa.hs.tests.LeadsModuleCreateContactTest" name="loginTest" time="34.514"/>
  <testcase classname="com.qa.hs.tests.LeadsModuleCreateContactTest" name="leadsTest" time="43.278"/>
</testsuite> <!-- com.qa.hs.tests.LeadsModuleCreateContactTest -->
