<?xml version="1.0" encoding="UTF-8"?>
<!-- Generated by org.testng.reporters.JUnitReportReporter -->
<testsuite hostname="LAPTOP-KPJMC264" failures="0" tests="2" name="com.qa.hs.tests.LeadsModuleCreateContactTest" time="36.781" errors="0" timestamp="31 Aug 2021 14:23:44 GMT" skipped="0">
  <testcase classname="com.qa.hs.tests.LeadsModuleCreateContactTest" name="loginTest" time="13.670"/>
  <testcase classname="com.qa.hs.tests.LeadsModuleCreateContactTest" name="leadsTest" time="23.111"/>
</testsuite> <!-- com.qa.hs.tests.LeadsModuleCreateContactTest -->
