<?xml version="1.0" encoding="UTF-8"?>
<!-- Generated by org.testng.reporters.JUnitReportReporter -->
<testsuite failures="0" tests="1" name="com.qa.hs.tests.SalesModuleAllocatUnitTest" time="0.000" errors="0" timestamp="02 Sep 2021 11:44:31 GMT" skipped="1">
  <testcase classname="com.qa.hs.tests.SalesModuleAllocatUnitTest" name="salesModuleAllocatUnitTest" time="0.000">
    <skipped/>
  </testcase> <!-- salesModuleAllocatUnitTest -->
</testsuite> <!-- com.qa.hs.tests.SalesModuleAllocatUnitTest -->
