<?xml version="1.0" encoding="UTF-8"?>
<!-- Generated by org.testng.reporters.JUnitReportReporter -->
<testsuite hostname="LAPTOP-KPJMC264" failures="0" tests="1" name="com.qa.hs.tests.SalesModuleAllocatUnitTest" time="45.467" errors="0" timestamp="10 Sep 2021 16:55:43 GMT" skipped="0">
  <testcase classname="com.qa.hs.tests.SalesModuleAllocatUnitTest" name="salesModuleAllocatUnitTest" time="45.467"/>
</testsuite> <!-- com.qa.hs.tests.SalesModuleAllocatUnitTest -->
