<?xml version="1.0" encoding="UTF-8"?>
<!-- Generated by org.testng.reporters.JUnitReportReporter -->
<testsuite failures="0" tests="2" name="com.qa.hs.tests.SalesModuleAllocatUnitTest" time="54.913" errors="0" timestamp="30 Aug 2021 13:30:48 GMT" skipped="0">
  <testcase classname="com.qa.hs.tests.SalesModuleAllocatUnitTest" name="loginTest" time="21.316"/>
  <testcase classname="com.qa.hs.tests.SalesModuleAllocatUnitTest" name="salesModuleAllocatUnitTest" time="33.597"/>
</testsuite> <!-- com.qa.hs.tests.SalesModuleAllocatUnitTest -->
